16:44:07: Creating resource group General
16:44:07: Creating resource group Internal
16:44:07: Creating resource group Autodetect
16:44:07: SceneManagerFactory for type 'DefaultSceneManager' registered.
16:44:07: Registering ResourceManager for type Material
16:44:07: Registering ResourceManager for type Mesh
16:44:07: Registering ResourceManager for type Skeleton
16:44:07: MovableObjectFactory for type 'ParticleSystem' registered.
16:44:07: OverlayElementFactory for type Panel registered.
16:44:07: OverlayElementFactory for type BorderPanel registered.
16:44:07: OverlayElementFactory for type TextArea registered.
16:44:07: Registering ResourceManager for type Font
16:44:07: ArchiveFactory for archive type FileSystem registered.
16:44:07: ArchiveFactory for archive type Zip registered.
16:44:07: ArchiveFactory for archive type EmbeddedZip registered.
16:44:07: DDS codec registering
16:44:07: FreeImage version: 3.15.3
16:44:07: This program uses FreeImage, a free, open source image library supporting all common bitmap formats. See http://freeimage.sourceforge.net for details
16:44:07: Supported formats: bmp,ico,jpg,jif,jpeg,jpe,jng,koa,iff,lbm,mng,pbm,pbm,pcd,pcx,pgm,pgm,png,ppm,ppm,ras,tga,targa,tif,tiff,wap,wbmp,wbm,psd,cut,xbm,xpm,gif,hdr,g3,sgi,exr,j2k,j2c,jp2,pfm,pct,pict,pic,3fr,arw,bay,bmq,cap,cine,cr2,crw,cs1,dc2,dcr,drf,dsc,dng,erf,fff,ia,iiq,k25,kc2,kdc,mdc,mef,mos,mrw,nef,nrw,orf,pef,ptx,pxn,qtk,raf,raw,rdc,rw2,rwl,rwz,sr2,srf,srw,sti
16:44:07: Registering ResourceManager for type HighLevelGpuProgram
16:44:07: Registering ResourceManager for type Compositor
16:44:07: MovableObjectFactory for type 'Entity' registered.
16:44:07: MovableObjectFactory for type 'Light' registered.
16:44:07: MovableObjectFactory for type 'BillboardSet' registered.
16:44:07: MovableObjectFactory for type 'ManualObject' registered.
16:44:07: MovableObjectFactory for type 'BillboardChain' registered.
16:44:07: MovableObjectFactory for type 'RibbonTrail' registered.
16:44:07: Loading library .\RenderSystem_GL
16:44:07: Installing plugin: GL RenderSystem
16:44:07: OpenGL Rendering Subsystem created.
16:44:07: Plugin successfully installed
16:44:07: Loading library .\Plugin_ParticleFX
16:44:07: Installing plugin: ParticleFX
16:44:07: Particle Emitter Type 'Point' registered
16:44:07: Particle Emitter Type 'Box' registered
16:44:07: Particle Emitter Type 'Ellipsoid' registered
16:44:07: Particle Emitter Type 'Cylinder' registered
16:44:07: Particle Emitter Type 'Ring' registered
16:44:07: Particle Emitter Type 'HollowEllipsoid' registered
16:44:07: Particle Affector Type 'LinearForce' registered
16:44:07: Particle Affector Type 'ColourFader' registered
16:44:07: Particle Affector Type 'ColourFader2' registered
16:44:07: Particle Affector Type 'ColourImage' registered
16:44:07: Particle Affector Type 'ColourInterpolator' registered
16:44:07: Particle Affector Type 'Scaler' registered
16:44:07: Particle Affector Type 'Rotator' registered
16:44:07: Particle Affector Type 'DirectionRandomiser' registered
16:44:07: Particle Affector Type 'DeflectorPlane' registered
16:44:07: Plugin successfully installed
16:44:07: *-*-* OGRE Initialising
16:44:07: *-*-* Version 1.8.1 (Byatis)
16:44:07: Added resource location '../../Ressources/materials/scripts' of type 'FileSystem' to resource group 'General'
16:44:07: Added resource location '../../Ressources/materials/textures' of type 'FileSystem' to resource group 'General'
16:44:07: Added resource location '../../Ressources/materials/shaders' of type 'FileSystem' to resource group 'General'
16:44:07: Added resource location '../../Ressources/materials/maps' of type 'FileSystem' to resource group 'General'
16:44:07: Added resource location '../../Ressources/materials/textures/nvidia' of type 'FileSystem' to resource group 'General'
16:44:07: Added resource location '../../Ressources/models' of type 'FileSystem' to resource group 'General'
16:44:13: CPU Identifier & Features
16:44:13: -------------------------
16:44:13:  *   CPU ID: GenuineIntel: Intel(R) Core(TM) i5-3450 CPU @ 3.10GHz
16:44:13:  *      SSE: yes
16:44:13:  *     SSE2: yes
16:44:13:  *     SSE3: yes
16:44:13:  *      MMX: yes
16:44:13:  *   MMXEXT: yes
16:44:13:  *    3DNOW: no
16:44:13:  * 3DNOWEXT: no
16:44:13:  *     CMOV: yes
16:44:13:  *      TSC: yes
16:44:13:  *      FPU: yes
16:44:13:  *      PRO: yes
16:44:13:  *       HT: no
16:44:13: -------------------------
16:44:13: *** Starting Win32GL Subsystem ***
16:44:13: Registering ResourceManager for type Texture
16:44:13: GLRenderSystem::_createRenderWindow "DnD Tabletop v0.0.1 by Faco", 1024x768 windowed  miscParams: FSAA=4 FSAAHint= colourDepth=32 displayFrequency=0 gamma=false vsync=false vsyncInterval=1 
16:44:13: Created Win32Window 'DnD Tabletop v0.0.1 by Faco' : 1040x806, 32bpp
16:44:13: GL_VERSION = 4.3.0
16:44:13: GL_VENDOR = NVIDIA Corporation
16:44:13: GL_RENDERER = GeForce GTX 560 Ti/PCIe/SSE2
16:44:13: GL_EXTENSIONS = GL_AMD_multi_draw_indirect GL_ARB_arrays_of_arrays GL_ARB_base_instance GL_ARB_blend_func_extended GL_ARB_clear_buffer_object GL_ARB_color_buffer_float GL_ARB_compatibility GL_ARB_compressed_texture_pixel_storage GL_ARB_conservative_depth GL_ARB_compute_shader GL_ARB_copy_buffer GL_ARB_copy_image GL_ARB_debug_output GL_ARB_depth_buffer_float GL_ARB_depth_clamp GL_ARB_depth_texture GL_ARB_draw_buffers GL_ARB_draw_buffers_blend GL_ARB_draw_indirect GL_ARB_draw_elements_base_vertex GL_ARB_draw_instanced GL_ARB_ES2_compatibility GL_ARB_ES3_compatibility GL_ARB_explicit_attrib_location GL_ARB_explicit_uniform_location GL_ARB_fragment_coord_conventions GL_ARB_fragment_layer_viewport GL_ARB_fragment_program GL_ARB_fragment_program_shadow GL_ARB_fragment_shader GL_ARB_framebuffer_no_attachments GL_ARB_framebuffer_object GL_ARB_framebuffer_sRGB GL_ARB_geometry_shader4 GL_ARB_get_program_binary GL_ARB_gpu_shader5 GL_ARB_gpu_shader_fp64 GL_ARB_half_float_pixel GL_ARB_half_float_vertex GL_ARB_imaging GL_ARB_instanced_arrays GL_ARB_internalformat_query GL_ARB_internalformat_query2 GL_ARB_invalidate_subdata GL_ARB_map_buffer_alignment GL_ARB_map_buffer_range GL_ARB_multi_draw_indirect GL_ARB_multisample GL_ARB_multitexture GL_ARB_occlusion_query GL_ARB_occlusion_query2 GL_ARB_pixel_buffer_object GL_ARB_point_parameters GL_ARB_point_sprite GL_ARB_program_interface_query GL_ARB_provoking_vertex GL_ARB_robust_buffer_access_behavior GL_ARB_robustness GL_ARB_sample_shading GL_ARB_sampler_objects GL_ARB_seamless_cube_map GL_ARB_separate_shader_objects GL_ARB_shader_atomic_counters GL_ARB_shader_bit_encoding GL_ARB_shader_image_load_store GL_ARB_shader_image_size GL_ARB_shader_objects GL_ARB_shader_precision GL_ARB_shader_storage_buffer_object GL_ARB_shader_subroutine GL_ARB_shader_texture_lod GL_ARB_shading_language_100 GL_ARB_shading_language_420pack GL_ARB_shading_language_include GL_ARB_shading_language_packing GL_ARB_shadow GL_ARB_stencil_texturing GL_ARB_sync GL_ARB_tessellation_shader GL_ARB_texture_border_clamp GL_ARB_texture_buffer_object GL_ARB_texture_buffer_object_rgb32 GL_ARB_texture_buffer_range GL_ARB_texture_compression GL_ARB_texture_compression_bptc GL_ARB_texture_compression_rgtc GL_ARB_texture_cube_map GL_ARB_texture_cube_map_array GL_ARB_texture_env_add GL_ARB_texture_env_combine GL_ARB_texture_env_crossbar GL_ARB_texture_env_dot3 GL_ARB_texture_float GL_ARB_texture_gather GL_ARB_texture_mirrored_repeat GL_ARB_texture_multisample GL_ARB_texture_non_power_of_two GL_ARB_texture_query_levels GL_ARB_texture_query_lod GL_ARB_texture_rectangle GL_ARB_texture_rg GL_ARB_texture_rgb10_a2ui GL_ARB_texture_storage GL_ARB_texture_storage_multisample GL_ARB_texture_swizzle GL_ARB_texture_view GL_ARB_timer_query GL_ARB_transform_feedback2 GL_ARB_transform_feedback3 GL_ARB_transform_feedback_instanced GL_ARB_transpose_matrix GL_ARB_uniform_buffer_object GL_ARB_vertex_array_bgra GL_ARB_vertex_array_object GL_ARB_vertex_attrib_64bit GL_ARB_vertex_attrib_binding GL_ARB_vertex_buffer_object GL_ARB_vertex_program GL_ARB_vertex_shader GL_ARB_vertex_type_2_10_10_10_rev GL_ARB_viewport_array GL_ARB_window_pos GL_ATI_draw_buffers GL_ATI_texture_float GL_ATI_texture_mirror_once GL_S3_s3tc GL_EXT_texture_env_add GL_EXT_abgr GL_EXT_bgra GL_EXT_bindable_uniform GL_EXT_blend_color GL_EXT_blend_equation_separate GL_EXT_blend_func_separate GL_EXT_blend_minmax GL_EXT_blend_subtract GL_EXT_compiled_vertex_array GL_EXT_Cg_shader GL_EXT_depth_bounds_test GL_EXT_direct_state_access GL_EXT_draw_buffers2 GL_EXT_draw_instanced GL_EXT_draw_range_elements GL_EXT_fog_coord GL_EXT_framebuffer_blit GL_EXT_framebuffer_multisample GL_EXTX_framebuffer_mixed_formats GL_EXT_framebuffer_multisample_blit_scaled GL_EXT_framebuffer_object GL_EXT_framebuffer_sRGB GL_EXT_geometry_shader4 GL_EXT_gpu_program_parameters GL_EXT_gpu_shader4 GL_EXT_multi_draw_arrays GL_EXT_packed_depth_stencil GL_EXT_packed_float GL_EXT_packed_pixels GL_EXT_pixel_buffer_object GL_EXT_point_parameters GL_EXT_provoking_vertex GL_EXT_rescale_normal GL_EXT_secondary_color GL_EXT_separate_shader_objects GL_EXT_separate_specular_color GL_EXT_shader_image_load_store GL_EXT_shadow_funcs GL_EXT_stencil_two_side GL_EXT_stencil_wrap GL_EXT_texture3D GL_EXT_texture_array GL_EXT_texture_buffer_object GL_EXT_texture_compression_dxt1 GL_EXT_texture_compression_latc GL_EXT_texture_compression_rgtc GL_EXT_texture_compression_s3tc GL_EXT_texture_cube_map GL_EXT_texture_edge_clamp GL_EXT_texture_env_combine GL_EXT_texture_env_dot3 GL_EXT_texture_filter_anisotropic GL_EXT_texture_integer GL_EXT_texture_lod GL_EXT_texture_lod_bias GL_EXT_texture_mirror_clamp GL_EXT_texture_object GL_EXT_texture_shared_exponent GL_EXT_texture_sRGB GL_EXT_texture_sRGB_decode GL_EXT_texture_storage GL_EXT_texture_swizzle GL_EXT_timer_query GL_EXT_transform_feedback2 GL_EXT_vertex_array GL_EXT_vertex_array_bgra GL_EXT_vertex_attrib_64bit GL_EXT_import_sync_object GL_IBM_rasterpos_clip GL_IBM_texture_mirrored_repeat GL_KHR_debug GL_KTX_buffer_region GL_NV_blend_square GL_NV_compute_program5 GL_NV_conditional_render GL_NV_copy_depth_to_color GL_NV_copy_image GL_NV_depth_buffer_float GL_NV_depth_clamp GL_NV_draw_texture GL_NV_ES1_1_compatibility GL_NV_explicit_multisample GL_NV_fence GL_NV_float_buffer GL_NV_fog_distance GL_NV_fragment_program GL_NV_fragment_program_option GL_NV_fragment_program2 GL_NV_framebuffer_multisample_coverage GL_NV_geometry_shader4 GL_NV_gpu_program4 GL_NV_gpu_program4_1 GL_NV_gpu_program5 GL_NV_gpu_program5_mem_extended GL_NV_gpu_program_fp64 GL_NV_gpu_shader5 GL_NV_half_float GL_NV_light_max_exponent GL_NV_multisample_coverage GL_NV_multisample_filter_hint GL_NV_occlusion_query GL_NV_packed_depth_stencil GL_NV_parameter_buffer_object GL_NV_parameter_buffer_object2 GL_NV_path_rendering GL_NV_pixel_data_range GL_NV_point_sprite GL_NV_primitive_restart GL_NV_register_combiners GL_NV_register_combiners2 GL_NV_shader_atomic_counters GL_NV_shader_atomic_float GL_NV_shader_buffer_load GL_NV_shader_storage_buffer_object GL_NV_texgen_reflection GL_NV_texture_barrier GL_NV_texture_compression_vtc GL_NV_texture_env_combine4 GL_NV_texture_expand_normal GL_NV_texture_multisample GL_NV_texture_rectangle GL_NV_texture_shader GL_NV_texture_shader2 GL_NV_texture_shader3 GL_NV_transform_feedback GL_NV_transform_feedback2 GL_NV_vertex_array_range GL_NV_vertex_array_range2 GL_NV_vertex_attrib_integer_64bit GL_NV_vertex_buffer_unified_memory GL_NV_vertex_program GL_NV_vertex_program1_1 GL_NV_vertex_program2 GL_NV_vertex_program2_option GL_NV_vertex_program3 GL_NVX_conditional_render GL_NVX_gpu_memory_info GL_SGIS_generate_mipmap GL_SGIS_texture_lod GL_SGIX_depth_texture GL_SGIX_shadow GL_SUN_slice_accum GL_WIN_swap_hint WGL_EXT_swap_control 
16:44:13: Supported WGL extensions: WGL_ARB_buffer_region WGL_ARB_create_context WGL_ARB_create_context_profile WGL_ARB_create_context_robustness WGL_ARB_extensions_string WGL_ARB_make_current_read WGL_ARB_multisample WGL_ARB_pbuffer WGL_ARB_pixel_format WGL_ARB_pixel_format_float WGL_ARB_render_texture WGL_ATI_pixel_format_float WGL_EXT_create_context_es_profile WGL_EXT_create_context_es2_profile WGL_EXT_extensions_string WGL_EXT_framebuffer_sRGB WGL_EXT_pixel_format_packed_float WGL_EXT_swap_control WGL_EXT_swap_control_tear WGL_NVX_DX_interop WGL_NV_DX_interop WGL_NV_DX_interop2 WGL_NV_delay_before_swap WGL_NV_float_buffer WGL_NV_multisample_coverage WGL_NV_render_depth_texture WGL_NV_render_texture_rectangle 
16:44:13: ***************************
16:44:13: *** GL Renderer Started ***
16:44:13: ***************************
16:44:13: Registering ResourceManager for type GpuProgram
16:44:13: GLSL support detected
16:44:13: GL: Using GL_EXT_framebuffer_object for rendering to textures (best)
16:44:13: FBO PF_UNKNOWN depth/stencil support: D0S8 D16S0 D24S0 D32S0 Packed-D24S8 
16:44:13: FBO PF_L8 depth/stencil support: D0S0 D0S8 D16S0 D24S0 D32S0 Packed-D24S8 
16:44:13: FBO PF_A8 depth/stencil support: D0S0 D0S8 D16S0 D24S0 D32S0 Packed-D24S8 
16:44:13: FBO PF_A4L4 depth/stencil support: D0S0 D0S8 D16S0 D24S0 D32S0 Packed-D24S8 
16:44:13: FBO PF_BYTE_LA depth/stencil support: D0S0 D0S8 D16S0 D24S0 D32S0 Packed-D24S8 
16:44:13: FBO PF_R5G6B5 depth/stencil support: D0S0 D0S8 D16S0 D24S0 D32S0 Packed-D24S8 
16:44:13: FBO PF_B5G6R5 depth/stencil support: D0S0 D0S8 D16S0 D24S0 D32S0 Packed-D24S8 
16:44:13: FBO PF_A4R4G4B4 depth/stencil support: D0S0 D0S8 D16S0 D24S0 D32S0 Packed-D24S8 
16:44:13: FBO PF_A1R5G5B5 depth/stencil support: D0S0 D0S8 D16S0 D24S0 D32S0 Packed-D24S8 
16:44:13: FBO PF_R8G8B8 depth/stencil support: D0S0 D0S8 D16S0 D24S0 D32S0 Packed-D24S8 
16:44:13: FBO PF_B8G8R8 depth/stencil support: D0S0 D0S8 D16S0 D24S0 D32S0 Packed-D24S8 
16:44:13: FBO PF_A8R8G8B8 depth/stencil support: D0S0 D0S8 D16S0 D24S0 D32S0 Packed-D24S8 
16:44:13: FBO PF_B8G8R8A8 depth/stencil support: D0S0 D0S8 D16S0 D24S0 D32S0 Packed-D24S8 
16:44:13: FBO PF_A2R10G10B10 depth/stencil support: D0S0 D0S8 D16S0 D24S0 D32S0 Packed-D24S8 
16:44:13: FBO PF_A2B10G10R10 depth/stencil support: D0S0 D0S8 D16S0 D24S0 D32S0 Packed-D24S8 
16:44:13: FBO PF_FLOAT16_RGB depth/stencil support: D0S0 D0S8 D16S0 D24S0 D32S0 Packed-D24S8 
16:44:13: FBO PF_FLOAT16_RGBA depth/stencil support: D0S0 D0S8 D16S0 D24S0 D32S0 Packed-D24S8 
16:44:13: FBO PF_FLOAT32_RGB depth/stencil support: D0S0 D0S8 D16S0 D24S0 D32S0 Packed-D24S8 
16:44:13: FBO PF_FLOAT32_RGBA depth/stencil support: D0S0 D0S8 D16S0 D24S0 D32S0 Packed-D24S8 
16:44:13: FBO PF_X8R8G8B8 depth/stencil support: D0S0 D0S8 D16S0 D24S0 D32S0 Packed-D24S8 
16:44:13: FBO PF_X8B8G8R8 depth/stencil support: D0S0 D0S8 D16S0 D24S0 D32S0 Packed-D24S8 
16:44:13: FBO PF_SHORT_RGBA depth/stencil support: D0S0 D0S8 D16S0 D24S0 D32S0 Packed-D24S8 
16:44:13: FBO PF_R3G3B2 depth/stencil support: D0S0 D0S8 D16S0 D24S0 D32S0 Packed-D24S8 
16:44:13: FBO PF_FLOAT16_R depth/stencil support: D0S0 D0S8 D16S0 D24S0 D32S0 Packed-D24S8 
16:44:13: FBO PF_FLOAT32_R depth/stencil support: D0S0 D0S8 D16S0 D24S0 D32S0 Packed-D24S8 
16:44:13: FBO PF_FLOAT16_GR depth/stencil support: D0S0 D0S8 D16S0 D24S0 D32S0 Packed-D24S8 
16:44:13: FBO PF_FLOAT32_GR depth/stencil support: D0S0 D0S8 D16S0 D24S0 D32S0 Packed-D24S8 
16:44:13: FBO PF_SHORT_RGB depth/stencil support: D0S0 D0S8 D16S0 D24S0 D32S0 Packed-D24S8 
16:44:13: [GL] : Valid FBO targets PF_UNKNOWN PF_L8 PF_A8 PF_A4L4 PF_BYTE_LA PF_R5G6B5 PF_B5G6R5 PF_A4R4G4B4 PF_A1R5G5B5 PF_R8G8B8 PF_B8G8R8 PF_A8R8G8B8 PF_B8G8R8A8 PF_A2R10G10B10 PF_A2B10G10R10 PF_FLOAT16_RGB PF_FLOAT16_RGBA PF_FLOAT32_RGB PF_FLOAT32_RGBA PF_X8R8G8B8 PF_X8B8G8R8 PF_SHORT_RGBA PF_R3G3B2 PF_FLOAT16_R PF_FLOAT32_R PF_FLOAT16_GR PF_FLOAT32_GR PF_SHORT_RGB 
16:44:13: RenderSystem capabilities
16:44:13: -------------------------
16:44:13: RenderSystem Name: OpenGL Rendering Subsystem
16:44:13: GPU Vendor: nvidia
16:44:13: Device Name: GeForce GTX 560 Ti/PCIe/SSE2
16:44:13: Driver Version: 4.3.0.0
16:44:13:  * Fixed function pipeline: yes
16:44:13:  * Hardware generation of mipmaps: yes
16:44:13:  * Texture blending: yes
16:44:13:  * Anisotropic texture filtering: yes
16:44:13:  * Dot product texture operation: yes
16:44:13:  * Cube mapping: yes
16:44:13:  * Hardware stencil buffer: yes
16:44:13:    - Stencil depth: 8
16:44:13:    - Two sided stencil support: yes
16:44:13:    - Wrap stencil values: yes
16:44:13:  * Hardware vertex / index buffers: yes
16:44:13:  * Vertex programs: yes
16:44:13:  * Number of floating-point constants for vertex programs: 1024
16:44:13:  * Number of integer constants for vertex programs: 0
16:44:13:  * Number of boolean constants for vertex programs: 0
16:44:13:  * Fragment programs: yes
16:44:13:  * Number of floating-point constants for fragment programs: 512
16:44:13:  * Number of integer constants for fragment programs: 0
16:44:13:  * Number of boolean constants for fragment programs: 0
16:44:13:  * Geometry programs: yes
16:44:13:  * Number of floating-point constants for geometry programs: 2048
16:44:13:  * Number of integer constants for geometry programs: 0
16:44:13:  * Number of boolean constants for geometry programs: 0
16:44:13:  * Supported Shader Profiles: arbfp1 arbvp1 fp20 fp30 fp40 glsl gp4fp gp4gp gp4vp gpu_fp gpu_gp gpu_vp nvgp4 vp30 vp40
16:44:13:  * Texture Compression: yes
16:44:13:    - DXT: yes
16:44:13:    - VTC: yes
16:44:13:    - PVRTC: no
16:44:13:  * Scissor Rectangle: yes
16:44:13:  * Hardware Occlusion Query: yes
16:44:13:  * User clip planes: yes
16:44:13:  * VET_UBYTE4 vertex element type: yes
16:44:13:  * Infinite far plane projection: yes
16:44:13:  * Hardware render-to-texture: yes
16:44:13:  * Floating point textures: yes
16:44:13:  * Non-power-of-two textures: yes
16:44:13:  * Volume textures: yes
16:44:13:  * Multiple Render Targets: 8
16:44:13:    - With different bit depths: yes
16:44:13:  * Point Sprites: yes
16:44:13:  * Extended point parameters: yes
16:44:13:  * Max Point Size: 63.375
16:44:13:  * Vertex texture fetch: yes
16:44:13:  * Number of world matrices: 0
16:44:13:  * Number of texture units: 32
16:44:13:  * Stencil buffer depth: 8
16:44:13:  * Number of vertex blend matrices: 0
16:44:13:    - Max vertex textures: 32
16:44:13:    - Vertex textures shared: yes
16:44:13:  * Render to Vertex Buffer : yes
16:44:13:  * GL 1.5 without VBO workaround: no
16:44:13:  * Frame Buffer objects: yes
16:44:13:  * Frame Buffer objects (ARB extension): no
16:44:13:  * Frame Buffer objects (ATI extension): no
16:44:13:  * PBuffer support: yes
16:44:13:  * GL 1.5 without HW-occlusion workaround: no
16:44:13:  * Separate shader objects: no
16:44:13: Using FSAA from GL_ARB_multisample extension.
16:44:13: DefaultWorkQueue('Root') initialising on thread 69c.
16:44:13: DefaultWorkQueue('Root')::WorkerFunc - thread 1860 starting.
16:44:13: DefaultWorkQueue('Root')::WorkerFunc - thread 14a4 starting.
16:44:13: DefaultWorkQueue('Root')::WorkerFunc - thread 1008 starting.
16:44:13: DefaultWorkQueue('Root')::WorkerFunc - thread 1a44 starting.
16:44:13: Particle Renderer Type 'billboard' registered
16:44:13: Parsing scripts for resource group Autodetect
16:44:13: Finished parsing scripts for resource group Autodetect
16:44:13: Creating resources for group Autodetect
16:44:14: All done
16:44:14: Parsing scripts for resource group General
16:44:14: Parsing script battleground.material
16:44:14: Parsing script wall.material
16:44:14: Finished parsing scripts for resource group General
16:44:14: Creating resources for group General
16:44:14: All done
16:44:14: Parsing scripts for resource group Internal
16:44:14: Finished parsing scripts for resource group Internal
16:44:14: Creating resources for group Internal
16:44:14: All done
16:44:14: Texture: spot_shadow_fade.png: Loading 1 faces(PF_R8G8B8,128x128x1) with 7 generated mipmaps from Image. Internal format is PF_X8R8G8B8,128x128x1.
16:44:38: Mesh: Loading Barrel.mesh.
16:44:38: Texture: RustyBarrel.png: Loading 1 faces(PF_R8G8B8,256x256x1) with 8 generated mipmaps from Image. Internal format is PF_X8R8G8B8,256x256x1.
16:44:38: Texture: MRAMOR6X6.jpg: Loading 1 faces(PF_R8G8B8,600x600x1) with 9 generated mipmaps from Image. Internal format is PF_X8R8G8B8,600x600x1.
16:44:59: Texture: frost.png: Loading 1 faces(PF_R8G8B8,512x512x1) with 9 generated mipmaps from Image. Internal format is PF_X8R8G8B8,512x512x1.
16:45:17: Texture: Water02.jpg: Loading 1 faces(PF_R8G8B8,512x512x1) with 9 generated mipmaps from Image. Internal format is PF_X8R8G8B8,512x512x1.
16:46:44: Texture: dalle.png: Loading 1 faces(PF_R8G8B8,99x99x1) with 6 generated mipmaps from Image. Internal format is PF_X8R8G8B8,99x99x1.
16:47:19: DefaultWorkQueue('Root') shutting down on thread 69c.
16:47:19: DefaultWorkQueue('Root')::WorkerFunc - thread 1008 stopped.
16:47:19: DefaultWorkQueue('Root')::WorkerFunc - thread 1a44 stopped.
16:47:19: DefaultWorkQueue('Root')::WorkerFunc - thread 1860 stopped.
16:47:19: DefaultWorkQueue('Root')::WorkerFunc - thread 14a4 stopped.
16:47:19: *-*-* OGRE Shutdown
16:47:19: Unregistering ResourceManager for type Compositor
16:47:19: Unregistering ResourceManager for type Font
16:47:19: Unregistering ResourceManager for type Skeleton
16:47:19: Unregistering ResourceManager for type Mesh
16:47:19: Unregistering ResourceManager for type HighLevelGpuProgram
16:47:19: Uninstalling plugin: ParticleFX
16:47:19: Plugin successfully uninstalled
16:47:19: Unloading library .\Plugin_ParticleFX
16:47:19: Uninstalling plugin: GL RenderSystem
16:47:19: Unregistering ResourceManager for type GpuProgram
16:47:19: *** Stopping Win32GL Subsystem ***
16:47:19: Unregistering ResourceManager for type Texture
16:47:19: Plugin successfully uninstalled
16:47:19: Unloading library .\RenderSystem_GL
16:47:19: Unregistering ResourceManager for type Material
